0 info it worked if it ends with ok
1 verbose cli [ '/Users/kalpana/.nvm/versions/node/v4.0.0/bin/node',
1 verbose cli   '/Users/kalpana/.nvm/versions/node/v4.0.0/bin/npm',
1 verbose cli   'run',
1 verbose cli   'setup' ]
2 info using npm@2.14.2
3 info using node@v4.0.0
4 verbose stack Error: missing script: setup
4 verbose stack     at run (/Users/kalpana/.nvm/versions/node/v4.0.0/lib/node_modules/npm/lib/run-script.js:142:19)
4 verbose stack     at /Users/kalpana/.nvm/versions/node/v4.0.0/lib/node_modules/npm/lib/run-script.js:58:5
4 verbose stack     at /Users/kalpana/.nvm/versions/node/v4.0.0/lib/node_modules/npm/node_modules/read-package-json/read-json.js:345:5
4 verbose stack     at checkBinReferences_ (/Users/kalpana/.nvm/versions/node/v4.0.0/lib/node_modules/npm/node_modules/read-package-json/read-json.js:309:45)
4 verbose stack     at final (/Users/kalpana/.nvm/versions/node/v4.0.0/lib/node_modules/npm/node_modules/read-package-json/read-json.js:343:3)
4 verbose stack     at then (/Users/kalpana/.nvm/versions/node/v4.0.0/lib/node_modules/npm/node_modules/read-package-json/read-json.js:113:5)
4 verbose stack     at /Users/kalpana/.nvm/versions/node/v4.0.0/lib/node_modules/npm/node_modules/read-package-json/read-json.js:232:12
4 verbose stack     at FSReqWrap.readFileAfterClose [as oncomplete] (evalmachine.<anonymous>:380:3)
5 verbose cwd /Users/kalpana/projects/git/readuxTest/scotch
6 error Darwin 14.1.0
7 error argv "/Users/kalpana/.nvm/versions/node/v4.0.0/bin/node" "/Users/kalpana/.nvm/versions/node/v4.0.0/bin/npm" "run" "setup"
8 error node v4.0.0
9 error npm  v2.14.2
10 error missing script: setup
11 error If you need help, you may report this error at:
11 error     <https://github.com/npm/npm/issues>
12 verbose exit [ 1, true ]
